build/app/outputs/mapping/release/seeds.txt
com.example.isitme_engelliler.MainActivity
com.example.isitme_engelliler.MainActivity: MainActivity()
...
androidx.window.layout.SidecarWindowBackend$Companion
androidx.core.view.ViewCompat$Api30Impl: java.lang.CharSequence getStateDescription(android.view.View)
com.google.android.gms.measurement.internal.AppMeasurementDynamiteService: void setConditionalUserProperty(android.os.Bundle,long)
com.google.protobuf.Any
androidx.appcompat.widget.SearchView: void setOnCloseListener(androidx.appcompat.widget.SearchView$OnCloseListener)
com.google.firestore.v1.StructuredQuery: int FROM_FIELD_NUMBER
com.google.firestore.v1.BatchGetDocumentsResponse: int resultCase_
com.google.android.gms.measurement.AppMeasurement: java.lang.String getCurrentScreenClass()
androidx.appcompat.widget.LinearLayoutCompat: int getDividerPadding()
com.google.android.gms.internal.measurement.zzfy: long zzl
androidx.window.R$id
com.google.firestore.v1.DocumentTransform$FieldTransform: int FIELD_PATH_FIELD_NUMBER
com.google.android.gms.internal.measurement.zzfc: java.lang.String zzl
androidx.window.embedding.EmbeddingAdapter: java.lang.Object component1(android.util.Pair)
io.flutter.plugins.urllauncher.UrlLauncher$LaunchStatus: io.flutter.plugins.urllauncher.UrlLauncher$LaunchStatus[] values()
androidx.window.embedding.ExtensionEmbeddingBackend$Companion
androidx.window.layout.HardwareFoldingFeature: androidx.window.layout.FoldingFeature$OcclusionType getOcclusionType()
com.google.firebase.analytics.ktx.FirebaseAnalyticsKtxRegistrar: FirebaseAnalyticsKtxRegistrar()
com.google.firestore.v1.BatchGetDocumentsResponse: int FOUND_FIELD_NUMBER
io.flutter.embedding.engine.FlutterJNI: java.util.Set flutterUiDisplayListeners
com.google.android.gms.internal.measurement.zzfi: java.lang.String zzi
kotlin.jvm.internal.CallableReference: java.lang.Object getBoundReceiver()
com.google.android.gms.internal.measurement.zzfk: boolean zzi
io.flutter.embedding.engine.FlutterJNI: void cleanupMessageData(long)
androidx.window.R$styleable: int ActivityRule_alwaysExpand
com.google.android.gms.internal.measurement.zzfo: com.google.android.gms.internal.measurement.zzke zzf
com.google.firestore.v1.Document: int CREATE_TIME_FIELD_NUMBER
androidx.window.embedding.ActivityFilter: ActivityFilter(android.content.ComponentName,java.lang.String)
androidx.window.R$id: int locale
androidx.appcompat.widget.ActionBarOverlayLayout: ActionBarOverlayLayout(android.content.Context,android.util.AttributeSet)
kotlinx.coroutines.InvokeOnCancelling
io.flutter.embedding.engine.mutatorsstack.FlutterMutatorsStack: java.util.List getMutators()
androidx.core.view.ViewCompat$Api21Impl: void setBackgroundTintList(android.view.View,android.content.res.ColorStateList)
com.google.firestore.v1.StructuredQuery$CompositeFilter: com.google.firestore.v1.StructuredQuery$CompositeFilter DEFAULT_INSTANCE
com.google.android.gms.internal.measurement.zzel: com.google.android.gms.internal.measurement.zzex zzf
com.google.android.gms.common.internal.ResolveAccountResponse: android.os.Parcelable$Creator CREATOR
androidx.lifecycle.ReportFragment$LifecycleCallbacks: void onActivityDestroyed(android.app.Activity)
androidx.core.widget.NestedScrollView: int getNestedScrollAxes()
com.google.firestore.bundle.BundledQuery: java.lang.String parent_
androidx.window.core.Version: boolean equals(java.lang.Object)
kotlin.coroutines.jvm.internal.BaseContinuationImpl: kotlin.coroutines.jvm.internal.CoroutineStackFrame getCallerFrame()
androidx.vectordrawable.graphics.drawable.VectorDrawableCompat$VGroup: void setPivotX(float)
com.google.android.gms.internal.measurement.zzex: int zze
androidx.vectordrawable.graphics.drawable.VectorDrawableCompat$VGroup: float getScaleY()
androidx.window.layout.ExtensionWindowLayoutInfoBackend$MulticastConsumer: void removeListener(androidx.core.util.Consumer)
androidx.appcompat.widget.ActionMenuView: void setExpandedActionViewsExclusive(boolean)
com.google.firestore.v1.StructuredQuery: com.google.firestore.v1.StructuredQuery$Filter where_
androidx.window.layout.WindowLayoutInfo: java.lang.String toString()