build/app/outputs/mapping/release/mapping.txt
# compiler: R8
# compiler_version: 2.1.75
# min_api: 21
# pg_map_id: f55582b
# common_typos_disable
...
com.google.android.gms.common.internal.zzs -> com.google.android.gms.common.internal.z0:
com.google.android.gms.common.internal.zzt -> com.google.android.gms.common.internal.a1:
    android.net.Uri zza -> a
    android.content.Intent zza() -> a
    android.content.Intent zzb(java.lang.String,java.lang.String) -> b
    android.content.Intent zzc(java.lang.String) -> c
com.google.android.gms.common.internal.zzu -> com.google.android.gms.common.internal.b1:
    java.lang.String zza -> a
    java.lang.String zzb -> b
    int zzc -> c
    boolean zzd -> d
    int zza() -> a
    java.lang.String zzb() -> b
    java.lang.String zzc() -> c
    boolean zzd() -> d
com.google.android.gms.common.internal.zzv -> com.google.android.gms.common.internal.c1:
    android.accounts.Account zzb() -> b
com.google.android.gms.common.internal.zzx -> com.google.android.gms.common.internal.d1:
    int zzc() -> c
    com.google.android.gms.dynamic.IObjectWrapper zzd() -> d
com.google.android.gms.common.internal.zzy -> com.google.android.gms.common.internal.e1:
    boolean zza(int,android.os.Parcel,android.os.Parcel,int) -> a
    com.google.android.gms.common.internal.zzz zzg(android.os.IBinder) -> e
com.google.android.gms.common.internal.zzz -> com.google.android.gms.common.internal.f1:
    int zzc() -> c
    com.google.android.gms.dynamic.IObjectWrapper zzd() -> d
com.google.android.gms.common.stats.ConnectionTracker -> com.google.android.gms.common.o.a:
    java.util.concurrent.ConcurrentHashMap zza -> a
    java.lang.Object zzb -> b
    com.google.android.gms.common.stats.ConnectionTracker zzc -> c
    boolean bindService(android.content.Context,android.content.Intent,android.content.ServiceConnection,int) -> a
    com.google.android.gms.common.stats.ConnectionTracker getInstance() -> b
    void unbindService(android.content.Context,android.content.ServiceConnection) -> c
    boolean zza(android.content.Context,java.lang.String,android.content.Intent,android.content.ServiceConnection,int,java.util.concurrent.Executor) -> d
    void zzb(android.content.Context,android.content.ServiceConnection) -> e
    boolean zzc(android.content.Context,java.lang.String,android.content.Intent,android.content.ServiceConnection,int,boolean,java.util.concurrent.Executor) -> f
    boolean zzd(android.content.ServiceConnection) -> g
    boolean zze(android.content.Context,android.content.Intent,android.content.ServiceConnection,int,java.util.concurrent.Executor) -> h
com.google.android.gms.common.util.AndroidUtilsLight -> com.google.android.gms.common.util.a:
    byte[] getPackageCertificateHashBytes(android.content.Context,java.lang.String) -> a
    java.security.MessageDigest zza(java.lang.String) -> b
com.google.android.gms.common.util.ArrayUtils -> com.google.android.gms.common.util.b:
    boolean contains(java.lang.Object[],java.lang.Object) -> a
com.google.android.gms.common.util.Base64Utils -> com.google.android.gms.common.util.c:
    java.lang.String encodeUrlSafeNoPadding(byte[]) -> a
com.google.android.gms.common.util.Clock -> com.google.android.gms.common.util.d:
    long currentTimeMillis() -> a
    long elapsedRealtime() -> b
    long nanoTime() -> c
com.google.android.gms.common.util.CollectionUtils -> com.google.android.gms.common.util.e:
    java.util.List listOf() -> a
    java.util.List listOf(java.lang.Object) -> b
    java.util.List listOf(java.lang.Object[]) -> c
com.google.android.gms.common.util.CrashUtils -> com.google.android.gms.common.util.f:
    boolean addDynamiteErrorToDropBox(android.content.Context,java.lang.Throwable) -> a
com.google.android.gms.common.util.DefaultClock -> com.google.android.gms.common.util.g:
    com.google.android.gms.common.util.DefaultClock zza -> a
    long currentTimeMillis() -> a
    long elapsedRealtime() -> b
    long nanoTime() -> c
    com.google.android.gms.common.util.Clock getInstance() -> d