build/app/outputs/mapping/release/usage.txt
com.example.isitme_engelliler.R$drawable
com.example.isitme_engelliler.R$animator
com.example.isitme_engelliler.R$menu
com.example.isitme_engelliler.R$mipmap
com.example.isitme_engelliler.R
com.example.isitme_engelliler.R$xml
com.example.isitme_engelliler.R$layout
com.example.isitme_engelliler.R$string
com.example.isitme_engelliler.R$attr
com.example.isitme_engelliler.R$bool
com.example.isitme_engelliler.BuildConfig
com.example.isitme_engelliler.R$dimen
com.example.isitme_engelliler.R$interpolator
com.example.isitme_engelliler.R$color
com.example.isitme_engelliler.R$id
com.example.isitme_engelliler.R$styleable
com.example.isitme_engelliler.R$style
com.example.isitme_engelliler.R$anim
com.example.isitme_engelliler.R$integer
...
androidx.core.view.ViewCompat$Api26Impl
com.google.protobuf.BinaryWriter$UnsafeDirectWriter
com.squareup.okhttp.internal.DiskLruCache$Editor$1
com.google.android.gms.tasks.zzb:
    public final boolean isCancellationRequested()
com.google.common.graph.ImmutableValueGraph
com.google.firebase.storage.UpdateMetadataTask:
    private static final java.lang.String TAG
com.google.cloud.audit.AuthorizationInfoOrBuilder
com.google.common.cache.LocalCache$LocalLoadingCache
com.google.api.ResourceReference$Builder
com.google.common.util.concurrent.Striped$5
com.google.protobuf.Option$Builder
androidx.core.view.WindowInsetsControllerCompat$Impl20$1
androidx.annotation.GuardedBy
io.grpc.Context$LazyStorage:
    private void <init>()
kotlin.jvm.KotlinReflectionNotSupportedError:
    public void <init>(java.lang.String)
    public void <init>(java.lang.String,java.lang.Throwable)
    public void <init>(java.lang.Throwable)
kotlin.ranges.ULongProgressionIterator
kotlinx.coroutines.CoroutineDispatcher:
    public void dispatchYield(kotlin.coroutines.CoroutineContext,java.lang.Runnable)
    public final kotlinx.coroutines.CoroutineDispatcher plus(kotlinx.coroutines.CoroutineDispatcher)
androidx.core.content.res.CamUtils:
    private void <init>()
com.google.protobuf.DescriptorProtos$FieldDescriptorProto$Type$1
kotlinx.coroutines.flow.FlowKt__LimitKt$drop$$inlined$unsafeFlow$1
io.grpc.ServerInterceptors$1
com.google.android.gms.base.R$id
kotlinx.coroutines.Job$DefaultImpls:
    public static synthetic void cancel(kotlinx.coroutines.Job)
    public static synthetic boolean cancel$default(kotlinx.coroutines.Job,java.lang.Throwable,int,java.lang.Object)
    public static kotlinx.coroutines.Job plus(kotlinx.coroutines.Job,kotlinx.coroutines.Job)
kotlin.jvm.JvmSuppressWildcards
com.google.common.collect.Synchronized$SynchronizedSortedSetMultimap
com.baseflow.permissionhandler.PermissionConstants$PermissionGroup
com.google.common.util.concurrent.ForwardingBlockingQueue
com.google.common.collect.ArrayTable$Column
com.google.firestore.v1.ExistenceFilter:
    private void setTargetId(int)
    private void clearTargetId()
    private void setCount(int)
    private void clearCount()
    public static com.google.firestore.v1.ExistenceFilter parseFrom(java.nio.ByteBuffer)
    public static com.google.firestore.v1.ExistenceFilter parseFrom(java.nio.ByteBuffer,com.google.protobuf.ExtensionRegistryLite)
    public static com.google.firestore.v1.ExistenceFilter parseFrom(com.google.protobuf.ByteString)
    public static com.google.firestore.v1.ExistenceFilter parseFrom(com.google.protobuf.ByteString,com.google.protobuf.ExtensionRegistryLite)
    public static com.google.firestore.v1.ExistenceFilter parseFrom(byte[])
    public static com.google.firestore.v1.ExistenceFilter parseFrom(byte[],com.google.protobuf.ExtensionRegistryLite)
    public static com.google.firestore.v1.ExistenceFilter parseFrom(java.io.InputStream)
    public static com.google.firestore.v1.ExistenceFilter parseFrom(java.io.InputStream,com.google.protobuf.ExtensionRegistryLite)
    public static com.google.firestore.v1.ExistenceFilter parseDelimitedFrom(java.io.InputStream)
    public static com.google.firestore.v1.ExistenceFilter parseDelimitedFrom(java.io.InputStream,com.google.protobuf.ExtensionRegistryLite)
    public static com.google.firestore.v1.ExistenceFilter parseFrom(com.google.protobuf.CodedInputStream)
com.google.common.cache.LocalCache$KeyIterator
kotlinx.coroutines.sync.SemaphoreKt
androidx.vectordrawable.animated.R$dimen
com.google.common.collect.HashBiMap$Inverse
com.google.common.graph.IncidentEdgeSet